<?xml version="1.0" encoding="UTF-8"?>
<!-- Generated by org.testng.reporters.JUnitReportReporter -->
<testsuite hostname="DESKTOP-5ICMDD7" failures="0" tests="1" name="com.yantar_org.CretaeorgtTest" time="0.017" errors="0" timestamp="2022-03-28T14:44:42 IST" skipped="0">
  <testcase classname="com.yantar_org.CretaeorgtTest" name="createI" time="0.017"/>
  <system-out/>
</testsuite> <!-- com.yantar_org.CretaeorgtTest -->
